[INFO  - 2017-12-01T18:56:37.926Z] GhostDriver - Main - running on port 49515
[INFO  - 2017-12-01T18:56:40.596Z] Session [5da2a440-d6c9-11e7-81dd-cf32d806083a] - page.settings - {"XSSAuditingEnabled":false,"javascriptCanCloseWindows":true,"javascriptCanOpenWindows":true,"javascriptEnabled":true,"loadImages":true,"localToRemoteUrlAccessEnabled":false,"userAgent":"Mozilla/5.0 (Windows NT 6.2; WOW64) AppleWebKit/538.1 (KHTML, like Gecko) PhantomJS/2.1.1 Safari/538.1","webSecurityEnabled":true}
[INFO  - 2017-12-01T18:56:40.596Z] Session [5da2a440-d6c9-11e7-81dd-cf32d806083a] - page.customHeaders:  - {}
[INFO  - 2017-12-01T18:56:40.596Z] Session [5da2a440-d6c9-11e7-81dd-cf32d806083a] - Session.negotiatedCapabilities - {"browserName":"phantomjs","version":"2.1.1","driverName":"ghostdriver","driverVersion":"1.2.0","platform":"windows-10-32bit","javascriptEnabled":true,"takesScreenshot":true,"handlesAlerts":false,"databaseEnabled":false,"locationContextEnabled":false,"applicationCacheEnabled":false,"browserConnectionEnabled":false,"cssSelectorsEnabled":true,"webStorageEnabled":false,"rotatable":false,"acceptSslCerts":false,"nativeEvents":true,"proxy":{"proxyType":"direct"}}
[INFO  - 2017-12-01T18:56:40.597Z] SessionManagerReqHand - _postNewSessionCommand - New Session Created: 5da2a440-d6c9-11e7-81dd-cf32d806083a
[ERROR - 2017-12-01T18:56:49.029Z] Session [5da2a440-d6c9-11e7-81dd-cf32d806083a] - page.onError - msg: TypeError: undefined is not a constructor (evaluating 'window.performance.getEntriesByType("resource")')

  phantomjs://platform/console++.js:263 in error
[ERROR - 2017-12-01T18:56:49.030Z] Session [5da2a440-d6c9-11e7-81dd-cf32d806083a] - page.onError - stack:
  (anonymous function) (https://my-live-02.slatic.net/lzdtracker/resource_performance.js?v=2a4a781:30)

  phantomjs://platform/console++.js:263 in error
[ERROR - 2017-12-01T18:56:50.093Z] Session [5da2a440-d6c9-11e7-81dd-cf32d806083a] - page.onError - msg: TypeError: undefined is not a constructor (evaluating 'window.Recommendations.apiEndpoint.endsWith("/")')

  phantomjs://platform/console++.js:263 in error
[ERROR - 2017-12-01T18:56:50.094Z] Session [5da2a440-d6c9-11e7-81dd-cf32d806083a] - page.onError - stack:
  getUrl (https://recommender.lazada.com.my/rico_client.js:58)
  get_recommendations (https://recommender.lazada.com.my/rico_client.js:66)
  (anonymous function) (https://recommender.lazada.com.my/rico_client.js:80)

  phantomjs://platform/console++.js:263 in error
[ERROR - 2017-12-01T18:56:50.246Z] Session [5da2a440-d6c9-11e7-81dd-cf32d806083a] - page.onError - msg: TypeError: undefined is not a constructor (evaluating 'window.spons.apiEndpoint.endsWith("/")')

  phantomjs://platform/console++.js:263 in error
[ERROR - 2017-12-01T18:56:50.247Z] Session [5da2a440-d6c9-11e7-81dd-cf32d806083a] - page.onError - stack:
  getUrl (https://recommender.lazada.com.my/sp_client.js:78)
  get_spons (https://recommender.lazada.com.my/sp_client.js:86)
  (anonymous function) (https://recommender.lazada.com.my/sp_client.js:100)

  phantomjs://platform/console++.js:263 in error
[INFO  - 2017-12-01T19:01:37.928Z] SessionManagerReqHand - _cleanupWindowlessSessions - Asynchronous Sessions clean-up phase starting NOW
[INFO  - 2017-12-01T19:01:37.930Z] SessionManagerReqHand - _cleanupWindowlessSessions - Deleted Session '5da2a440-d6c9-11e7-81dd-cf32d806083a', because windowless
